<?xml version="1.0" encoding="UTF-8"?>
<!-- Generated by org.testng.reporters.JUnitReportReporter -->
<testsuite hostname="DESKTOP-EE399L2" name="cucumberoptions.TestRunner" tests="1" failures="0" timestamp="2 Aug 2020 13:42:16 GMT" time="11.995" errors="0">
  <testcase name="feature" time="11.995" classname="cucumberoptions.TestRunner"/>
</testsuite> <!-- cucumberoptions.TestRunner -->
