<?xml version="1.0" encoding="UTF-8"?>
<!-- Generated by org.testng.reporters.JUnitReportReporter -->
<testsuite hostname="DESKTOP-EE399L2" name="cucumberoptions.TestRunner" tests="1" failures="0" timestamp="30 Jul 2020 20:14:18 GMT" time="11.673" errors="0">
  <testcase name="feature" time="11.673" classname="cucumberoptions.TestRunner"/>
</testsuite> <!-- cucumberoptions.TestRunner -->
